<?xml version="1.0" encoding="UTF-8"?>
<!-- Generated by org.testng.reporters.JUnitXMLReporter -->
<testsuite ignored="0" hostname="DESKTOP-5EVK54D" failures="2" tests="4" name="Signup module" time="27.429" errors="0" timestamp="2022-12-17T08:27:52 IST">
  <testcase classname="testngdiscussion.TestCase" name="navToUrl" time="16.031">
    <failure type="java.lang.AssertionError" message="expected [true] but found [false]">
      <![CDATA[java.lang.AssertionError: expected [true] but found [false]
at testngdiscussion.TestCase.navToUrl(TestCase.java:40)
at java.base/java.util.ArrayList.forEach(ArrayList.java:1511)
... Removed 31 stack frames]]>
    </failure>
  </testcase> <!-- navToUrl -->
  <testcase classname="testngdiscussion.TestCase" name="enterUsername" time="9.621"/>
  <testcase classname="testngdiscussion.TestCase" name="enterPassword" time="0.0">
    <skipped/>
  </testcase> <!-- enterPassword -->
  <testcase classname="testngdiscussion.TestCase" name="getTitleOfpage" time="0.218">
    <failure type="java.lang.AssertionError" message="expected [true] but found [false]">
      <![CDATA[java.lang.AssertionError: expected [true] but found [false]
at testngdiscussion.TestCase.getTitleOfpage(TestCase.java:81)
at java.base/java.util.ArrayList.forEach(ArrayList.java:1511)
... Removed 31 stack frames]]>
    </failure>
  </testcase> <!-- getTitleOfpage -->
</testsuite> <!-- Signup module -->
